<?xml version="1.0" encoding="UTF-8"?>
<!-- Generated by org.testng.reporters.JUnitXMLReporter -->
<testsuite hostname="W1651507" ignored="1" name="Test" tests="1" failures="1" timestamp="14 Apr 2020 19:03:15 GMT" time="0.106" errors="0">
  <testcase name="init" time="0.04" classname="testcases.FacebookLoginTestFail">
    <failure type="java.lang.NullPointerException">
      <![CDATA[java.lang.NullPointerException
at org.openqa.selenium.support.pagefactory.DefaultElementLocator.findElement(DefaultElementLocator.java:69)
at org.openqa.selenium.support.pagefactory.internal.LocatingElementHandler.invoke(LocatingElementHandler.java:38)
at com.sun.proxy.$Proxy7.sendKeys(Unknown Source)
at pages.FacebookLoginPage.setFirstName(FacebookLoginPage.java:59)
at testcases.FacebookLoginTestFail.init(FacebookLoginTestFail.java:14)
... Removed 29 stack frames]]>
    </failure>
  </testcase> <!-- init -->
  <testcase name="init" time="0.0" classname="testcases.FacebookLoginTestPass">
    <ignored/>
  </testcase> <!-- init -->
</testsuite> <!-- Test -->
